<?xml version="1.0" encoding="UTF-8"?>
<robot generator="Robot 4.1 (Python 3.9.6 on win32)" generated="20211023 09:42:00.923" rpa="false" schemaversion="2">
<suite id="s1" name="Webautomation" source="C:\Users\user\Desktop\DIEGO\Curso\primehero\tests\webautomation.robot">
<test id="s1-t1" name="Caso de Teste 01: Pesquisar produto existente​">
<kw name="Abrir navegador" library="hooks" type="SETUP">
<kw name="Open Browser" library="SeleniumLibrary">
<arg>browser=${BROWSER}</arg>
<doc>Opens a new browser instance to the optional ``url``.</doc>
<msg timestamp="20211023 09:42:01.106" level="INFO">Opening browser 'chrome' to base url 'None'.</msg>
<kw name="Capture Page Screenshot" library="SeleniumLibrary">
<doc>Takes a screenshot of the current page and embeds it into a log file.</doc>
<msg timestamp="20211023 09:42:03.816" level="INFO">Cannot capture screenshot because no browser is open.</msg>
<status status="PASS" starttime="20211023 09:42:03.816" endtime="20211023 09:42:03.816"/>
</kw>
<msg timestamp="20211023 09:42:03.816" level="FAIL">WebDriverException: Message: unknown error: Failed to create Chrome process.
</msg>
<status status="FAIL" starttime="20211023 09:42:01.106" endtime="20211023 09:42:03.816"/>
</kw>
<kw name="Maximize Browser Window" library="SeleniumLibrary">
<doc>Maximizes current browser window.</doc>
<status status="NOT RUN" starttime="20211023 09:42:03.816" endtime="20211023 09:42:03.816"/>
</kw>
<status status="FAIL" starttime="20211023 09:42:01.105" endtime="20211023 09:42:03.816"/>
</kw>
<kw name="Fechar navegador" library="hooks" type="TEARDOWN">
<kw name="Close Browser" library="SeleniumLibrary">
<doc>Closes the current browser.</doc>
<status status="PASS" starttime="20211023 09:42:03.816" endtime="20211023 09:42:03.825"/>
</kw>
<status status="PASS" starttime="20211023 09:42:03.816" endtime="20211023 09:42:03.825"/>
</kw>
<tag>PESQUISAR</tag>
<status status="FAIL" starttime="20211023 09:42:01.095" endtime="20211023 09:42:03.825">Setup failed:
WebDriverException: Message: unknown error: Failed to create Chrome process.
</status>
</test>
<doc>Aqui estarão presentes os primeiros testes automatizados Web.</doc>
<status status="FAIL" starttime="20211023 09:42:00.923" endtime="20211023 09:42:03.827"/>
</suite>
<statistics>
<total>
<stat pass="0" fail="1" skip="0">All Tests</stat>
</total>
<tag>
<stat pass="0" fail="1" skip="0">PESQUISAR</stat>
</tag>
<suite>
<stat pass="0" fail="1" skip="0" id="s1" name="Webautomation">Webautomation</stat>
</suite>
</statistics>
<errors>
</errors>
</robot>
